<?xml version="1.0" encoding="UTF-8"?>
<!-- Generated by org.testng.reporters.JUnitReportReporter -->
<testsuite hostname="DESKTOP-TG051AM" failures="3" tests="72" name="POM_Base_Meda.Meda_VendorBase" time="1331.099" errors="2" timestamp="2024-06-07T18:01:06 IST" skipped="1">
  <testcase classname="POM_Base_Meda.Meda_VendorBase" name="VerifyVendorsLoginUrl" time="0.013"/>
  <system-out/>
  <testcase classname="POM_Base_Meda.Meda_VendorBase" name="VerifyVendorLoginPageWithValidCredential" time="19.429"/>
  <system-out/>
  <testcase classname="POM_Base_Meda.Meda_VendorBase" name="VerifyFunctionalityofNotificationPopupAfterLogin" time="13.100"/>
  <system-out/>
  <testcase classname="POM_Base_Meda.Meda_VendorBase" name="CheckThatAll_ModulesofDashBoard_HeaderPart_AfterLogin" time="38.087"/>
  <system-out/>
  <testcase classname="POM_Base_Meda.Meda_VendorBase" name="VerifyDashboardFunctionalityOfHomeModule" time="36.986"/>
  <system-out/>
  <testcase classname="POM_Base_Meda.Meda_VendorBase" name="VerifyBeneficiaryReportFunctionality" time="2.231"/>
  <system-out/>
  <testcase classname="POM_Base_Meda.Meda_VendorBase" name="VerifyThatView_EyeBtn1Functionality" time="54.060"/>
  <system-out/>
  <testcase classname="POM_Base_Meda.Meda_VendorBase" name="VerifyDropdownsAfterClickonViewbtn1" time="134.441"/>
  <system-out/>
  <testcase classname="POM_Base_Meda.Meda_VendorBase" name="ValidateAfterSearchBeneficiaryNameAndBeneficiaryId" time="12.475"/>
  <system-out/>
  <testcase classname="POM_Base_Meda.Meda_VendorBase" name="afterSearchingBeneficiaryIDAndNameCheckJSR_Report" time="26.021"/>
  <system-out/>
  <testcase classname="POM_Base_Meda.Meda_VendorBase" name="VarifyThatViewbtn2_AfterClickonBeneficiaryReport" time="130.117"/>
  <system-out/>
  <testcase classname="POM_Base_Meda.Meda_VendorBase" name="VerifyAfterSearchingBeneficiaryName" time="31.369"/>
  <system-out/>
  <testcase classname="POM_Base_Meda.Meda_VendorBase" name="VerifyAfterSearchingBeneficiaryIDs" time="37.114"/>
  <system-out/>
  <testcase classname="POM_Base_Meda.Meda_VendorBase" name="VerifySiteEnggModuleFunctionality" time="8.123"/>
  <system-out/>
  <testcase classname="POM_Base_Meda.Meda_VendorBase" name="VerifyVendorisAbletoAllocateWorkToSiteEnginner" time="21.151">
    <error message="no such element: Unable to locate element: {&quot;method&quot;:&quot;css selector&quot;,&quot;selector&quot;:&quot;#taluka&quot;}
  (Session info: chrome=125.0.6422.142)
For documentation on this error, please visit: https://www.selenium.dev/documentation/webdriver/troubleshooting/errors#no-such-element-exception
Build info: version: &#039;4.11.0&#039;, revision: &#039;040bc5406b&#039;
System info: os.name: &#039;Windows 11&#039;, os.arch: &#039;amd64&#039;, os.version: &#039;10.0&#039;, java.version: &#039;17.0.10&#039;
Driver info: org.openqa.selenium.chrome.ChromeDriver
Command: [38dd1ff090aae6d02353d6f11afe8203, findElement {using=id, value=taluka}]
Capabilities {acceptInsecureCerts: false, browserName: chrome, browserVersion: 125.0.6422.142, chrome: {chromedriverVersion: 125.0.6422.141 (4b1e8393712..., userDataDir: C:\Users\INNOSY~1\AppData\L...}, fedcm:accounts: true, goog:chromeOptions: {debuggerAddress: localhost:65147}, networkConnectionEnabled: false, pageLoadStrategy: normal, platformName: windows, proxy: Proxy(), se:cdp: ws://localhost:65147/devtoo..., se:cdpVersion: 125.0.6422.142, setWindowRect: true, strictFileInteractability: false, timeouts: {implicit: 0, pageLoad: 300000, script: 30000}, unhandledPromptBehavior: dismiss and notify, webauthn:extension:credBlob: true, webauthn:extension:largeBlob: true, webauthn:extension:minPinLength: true, webauthn:extension:prf: true, webauthn:virtualAuthenticators: true}
Session ID: 38dd1ff090aae6d02353d6f11afe8203" type="org.openqa.selenium.NoSuchElementException">
      <![CDATA[org.openqa.selenium.NoSuchElementException: no such element: Unable to locate element: {"method":"css selector","selector":"#taluka"}
  (Session info: chrome=125.0.6422.142)
For documentation on this error, please visit: https://www.selenium.dev/documentation/webdriver/troubleshooting/errors#no-such-element-exception
Build info: version: '4.11.0', revision: '040bc5406b'
System info: os.name: 'Windows 11', os.arch: 'amd64', os.version: '10.0', java.version: '17.0.10'
Driver info: org.openqa.selenium.chrome.ChromeDriver
Command: [38dd1ff090aae6d02353d6f11afe8203, findElement {using=id, value=taluka}]
Capabilities {acceptInsecureCerts: false, browserName: chrome, browserVersion: 125.0.6422.142, chrome: {chromedriverVersion: 125.0.6422.141 (4b1e8393712..., userDataDir: C:\Users\INNOSY~1\AppData\L...}, fedcm:accounts: true, goog:chromeOptions: {debuggerAddress: localhost:65147}, networkConnectionEnabled: false, pageLoadStrategy: normal, platformName: windows, proxy: Proxy(), se:cdp: ws://localhost:65147/devtoo..., se:cdpVersion: 125.0.6422.142, setWindowRect: true, strictFileInteractability: false, timeouts: {implicit: 0, pageLoad: 300000, script: 30000}, unhandledPromptBehavior: dismiss and notify, webauthn:extension:credBlob: true, webauthn:extension:largeBlob: true, webauthn:extension:minPinLength: true, webauthn:extension:prf: true, webauthn:virtualAuthenticators: true}
Session ID: 38dd1ff090aae6d02353d6f11afe8203
at java.base/jdk.internal.reflect.NativeConstructorAccessorImpl.newInstance0(Native Method)
at java.base/jdk.internal.reflect.NativeConstructorAccessorImpl.newInstance(NativeConstructorAccessorImpl.java:77)
at java.base/jdk.internal.reflect.DelegatingConstructorAccessorImpl.newInstance(DelegatingConstructorAccessorImpl.java:45)
at java.base/java.lang.reflect.Constructor.newInstanceWithCaller(Constructor.java:499)
at java.base/java.lang.reflect.Constructor.newInstance(Constructor.java:480)
at org.openqa.selenium.remote.codec.w3c.W3CHttpResponseCodec.createException(W3CHttpResponseCodec.java:200)
at org.openqa.selenium.remote.codec.w3c.W3CHttpResponseCodec.decode(W3CHttpResponseCodec.java:133)
at org.openqa.selenium.remote.codec.w3c.W3CHttpResponseCodec.decode(W3CHttpResponseCodec.java:52)
at org.openqa.selenium.remote.HttpCommandExecutor.execute(HttpCommandExecutor.java:191)
at org.openqa.selenium.remote.service.DriverCommandExecutor.invokeExecute(DriverCommandExecutor.java:196)
at org.openqa.selenium.remote.service.DriverCommandExecutor.execute(DriverCommandExecutor.java:171)
at org.openqa.selenium.remote.RemoteWebDriver.execute(RemoteWebDriver.java:518)
at org.openqa.selenium.remote.ElementLocation$ElementFinder$2.findElement(ElementLocation.java:165)
at org.openqa.selenium.remote.ElementLocation.findElement(ElementLocation.java:59)
at org.openqa.selenium.remote.RemoteWebDriver.findElement(RemoteWebDriver.java:355)
at org.openqa.selenium.remote.RemoteWebDriver.findElement(RemoteWebDriver.java:349)
at org.openqa.selenium.support.pagefactory.DefaultElementLocator.findElement(DefaultElementLocator.java:68)
at org.openqa.selenium.support.pagefactory.internal.LocatingElementHandler.invoke(LocatingElementHandler.java:38)
at jdk.proxy2/jdk.proxy2.$Proxy22.getTagName(Unknown Source)
at org.openqa.selenium.support.ui.Select.<init>(Select.java:43)
at Common_Utils1.Webdriver_Utils1.SelectDropdown(Webdriver_Utils1.java:70)
at POM_Base_Meda.Meda_VendorBase.VerifyVendorisAbletoAllocateWorkToSiteEnginner(Meda_VendorBase.java:776)
at java.base/jdk.internal.reflect.NativeMethodAccessorImpl.invoke0(Native Method)
at java.base/jdk.internal.reflect.NativeMethodAccessorImpl.invoke(NativeMethodAccessorImpl.java:77)
at java.base/jdk.internal.reflect.DelegatingMethodAccessorImpl.invoke(DelegatingMethodAccessorImpl.java:43)
at java.base/java.lang.reflect.Method.invoke(Method.java:568)
at org.testng.internal.MethodInvocationHelper.invokeMethod(MethodInvocationHelper.java:133)
at org.testng.internal.TestInvoker.invokeMethod(TestInvoker.java:598)
at org.testng.internal.TestInvoker.invokeTestMethod(TestInvoker.java:173)
at org.testng.internal.MethodRunner.runInSequence(MethodRunner.java:46)
at org.testng.internal.TestInvoker$MethodInvocationAgent.invoke(TestInvoker.java:824)
at org.testng.internal.TestInvoker.invokeTestMethods(TestInvoker.java:146)
at org.testng.internal.TestMethodWorker.invokeTestMethods(TestMethodWorker.java:146)
at org.testng.internal.TestMethodWorker.run(TestMethodWorker.java:128)
at java.base/java.util.ArrayList.forEach(ArrayList.java:1511)
at org.testng.TestRunner.privateRun(TestRunner.java:794)
at org.testng.TestRunner.run(TestRunner.java:596)
at org.testng.SuiteRunner.runTest(SuiteRunner.java:377)
at org.testng.SuiteRunner.runSequentially(SuiteRunner.java:371)
at org.testng.SuiteRunner.privateRun(SuiteRunner.java:332)
at org.testng.SuiteRunner.run(SuiteRunner.java:276)
at org.testng.SuiteRunnerWorker.runSuite(SuiteRunnerWorker.java:53)
at org.testng.SuiteRunnerWorker.run(SuiteRunnerWorker.java:96)
at org.testng.TestNG.runSuitesSequentially(TestNG.java:1212)
at org.testng.TestNG.runSuitesLocally(TestNG.java:1134)
at org.testng.TestNG.runSuites(TestNG.java:1063)
at org.testng.TestNG.run(TestNG.java:1031)
at org.testng.remote.AbstractRemoteTestNG.run(AbstractRemoteTestNG.java:115)
at org.testng.remote.RemoteTestNG.initAndRun(RemoteTestNG.java:293)
at org.testng.remote.RemoteTestNG.main(RemoteTestNG.java:91)
]]>
    </error>
  </testcase> <!-- VerifyVendorisAbletoAllocateWorkToSiteEnginner -->
  <system-out>
    <![CDATA[VerifyVendorisAbletoAllocateWorkToSiteEnginnerTestcript Is Failorg.openqa.selenium.NoSuchElementException: no such element: Unable to locate element: {"method":"css selector","selector":"#taluka"}
  (Session info: chrome=125.0.6422.142)
For documentation on this error, please visit: https://www.selenium.dev/documentation/webdriver/troubleshooting/errors#no-such-element-exception
Build info: version: '4.11.0', revision: '040bc5406b'
System info: os.name: 'Windows 11', os.arch: 'amd64', os.version: '10.0', java.version: '17.0.10'
Driver info: org.openqa.selenium.chrome.ChromeDriver
Command: [38dd1ff090aae6d02353d6f11afe8203, findElement {using=id, value=taluka}]
Capabilities {acceptInsecureCerts: false, browserName: chrome, browserVersion: 125.0.6422.142, chrome: {chromedriverVersion: 125.0.6422.141 (4b1e8393712..., userDataDir: C:\Users\INNOSY~1\AppData\L...}, fedcm:accounts: true, goog:chromeOptions: {debuggerAddress: localhost:65147}, networkConnectionEnabled: false, pageLoadStrategy: normal, platformName: windows, proxy: Proxy(), se:cdp: ws://localhost:65147/devtoo..., se:cdpVersion: 125.0.6422.142, setWindowRect: true, strictFileInteractability: false, timeouts: {implicit: 0, pageLoad: 300000, script: 30000}, unhandledPromptBehavior: dismiss and notify, webauthn:extension:credBlob: true, webauthn:extension:largeBlob: true, webauthn:extension:minPinLength: true, webauthn:extension:prf: true, webauthn:virtualAuthenticators: true}
Session ID: 38dd1ff090aae6d02353d6f11afe8203]]>
  </system-out>
  <testcase classname="POM_Base_Meda.Meda_VendorBase" name="VerifyUserIsAbleToEditSiteEnggDatail_List" time="12.780"/>
  <system-out/>
  <testcase classname="POM_Base_Meda.Meda_VendorBase" name="CheckThat_InViewBeneficiary_VendoriSAbleToSubmitStatus" time="24.032">
    <error message="no such element: Unable to locate element: {&quot;method&quot;:&quot;css selector&quot;,&quot;selector&quot;:&quot;#taluka&quot;}
  (Session info: chrome=125.0.6422.142)
For documentation on this error, please visit: https://www.selenium.dev/documentation/webdriver/troubleshooting/errors#no-such-element-exception
Build info: version: &#039;4.11.0&#039;, revision: &#039;040bc5406b&#039;
System info: os.name: &#039;Windows 11&#039;, os.arch: &#039;amd64&#039;, os.version: &#039;10.0&#039;, java.version: &#039;17.0.10&#039;
Driver info: org.openqa.selenium.chrome.ChromeDriver
Command: [38dd1ff090aae6d02353d6f11afe8203, findElement {using=id, value=taluka}]
Capabilities {acceptInsecureCerts: false, browserName: chrome, browserVersion: 125.0.6422.142, chrome: {chromedriverVersion: 125.0.6422.141 (4b1e8393712..., userDataDir: C:\Users\INNOSY~1\AppData\L...}, fedcm:accounts: true, goog:chromeOptions: {debuggerAddress: localhost:65147}, networkConnectionEnabled: false, pageLoadStrategy: normal, platformName: windows, proxy: Proxy(), se:cdp: ws://localhost:65147/devtoo..., se:cdpVersion: 125.0.6422.142, setWindowRect: true, strictFileInteractability: false, timeouts: {implicit: 0, pageLoad: 300000, script: 30000}, unhandledPromptBehavior: dismiss and notify, webauthn:extension:credBlob: true, webauthn:extension:largeBlob: true, webauthn:extension:minPinLength: true, webauthn:extension:prf: true, webauthn:virtualAuthenticators: true}
Session ID: 38dd1ff090aae6d02353d6f11afe8203" type="org.openqa.selenium.NoSuchElementException">
      <![CDATA[org.openqa.selenium.NoSuchElementException: no such element: Unable to locate element: {"method":"css selector","selector":"#taluka"}
  (Session info: chrome=125.0.6422.142)
For documentation on this error, please visit: https://www.selenium.dev/documentation/webdriver/troubleshooting/errors#no-such-element-exception
Build info: version: '4.11.0', revision: '040bc5406b'
System info: os.name: 'Windows 11', os.arch: 'amd64', os.version: '10.0', java.version: '17.0.10'
Driver info: org.openqa.selenium.chrome.ChromeDriver
Command: [38dd1ff090aae6d02353d6f11afe8203, findElement {using=id, value=taluka}]
Capabilities {acceptInsecureCerts: false, browserName: chrome, browserVersion: 125.0.6422.142, chrome: {chromedriverVersion: 125.0.6422.141 (4b1e8393712..., userDataDir: C:\Users\INNOSY~1\AppData\L...}, fedcm:accounts: true, goog:chromeOptions: {debuggerAddress: localhost:65147}, networkConnectionEnabled: false, pageLoadStrategy: normal, platformName: windows, proxy: Proxy(), se:cdp: ws://localhost:65147/devtoo..., se:cdpVersion: 125.0.6422.142, setWindowRect: true, strictFileInteractability: false, timeouts: {implicit: 0, pageLoad: 300000, script: 30000}, unhandledPromptBehavior: dismiss and notify, webauthn:extension:credBlob: true, webauthn:extension:largeBlob: true, webauthn:extension:minPinLength: true, webauthn:extension:prf: true, webauthn:virtualAuthenticators: true}
Session ID: 38dd1ff090aae6d02353d6f11afe8203
at java.base/jdk.internal.reflect.NativeConstructorAccessorImpl.newInstance0(Native Method)
at java.base/jdk.internal.reflect.NativeConstructorAccessorImpl.newInstance(NativeConstructorAccessorImpl.java:77)
at java.base/jdk.internal.reflect.DelegatingConstructorAccessorImpl.newInstance(DelegatingConstructorAccessorImpl.java:45)
at java.base/java.lang.reflect.Constructor.newInstanceWithCaller(Constructor.java:499)
at java.base/java.lang.reflect.Constructor.newInstance(Constructor.java:480)
at org.openqa.selenium.remote.codec.w3c.W3CHttpResponseCodec.createException(W3CHttpResponseCodec.java:200)
at org.openqa.selenium.remote.codec.w3c.W3CHttpResponseCodec.decode(W3CHttpResponseCodec.java:133)
at org.openqa.selenium.remote.codec.w3c.W3CHttpResponseCodec.decode(W3CHttpResponseCodec.java:52)
at org.openqa.selenium.remote.HttpCommandExecutor.execute(HttpCommandExecutor.java:191)
at org.openqa.selenium.remote.service.DriverCommandExecutor.invokeExecute(DriverCommandExecutor.java:196)
at org.openqa.selenium.remote.service.DriverCommandExecutor.execute(DriverCommandExecutor.java:171)
at org.openqa.selenium.remote.RemoteWebDriver.execute(RemoteWebDriver.java:518)
at org.openqa.selenium.remote.ElementLocation$ElementFinder$2.findElement(ElementLocation.java:165)
at org.openqa.selenium.remote.ElementLocation.findElement(ElementLocation.java:59)
at org.openqa.selenium.remote.RemoteWebDriver.findElement(RemoteWebDriver.java:355)
at org.openqa.selenium.remote.RemoteWebDriver.findElement(RemoteWebDriver.java:349)
at org.openqa.selenium.support.pagefactory.DefaultElementLocator.findElement(DefaultElementLocator.java:68)
at org.openqa.selenium.support.pagefactory.internal.LocatingElementHandler.invoke(LocatingElementHandler.java:38)
at jdk.proxy2/jdk.proxy2.$Proxy22.getTagName(Unknown Source)
at org.openqa.selenium.support.ui.Select.<init>(Select.java:43)
at Common_Utils1.Webdriver_Utils1.SelectDropdown(Webdriver_Utils1.java:70)
at POM_Base_Meda.Meda_VendorBase.CheckThat_InViewBeneficiary_VendoriSAbleToSubmitStatus(Meda_VendorBase.java:856)
at java.base/jdk.internal.reflect.NativeMethodAccessorImpl.invoke0(Native Method)
at java.base/jdk.internal.reflect.NativeMethodAccessorImpl.invoke(NativeMethodAccessorImpl.java:77)
at java.base/jdk.internal.reflect.DelegatingMethodAccessorImpl.invoke(DelegatingMethodAccessorImpl.java:43)
at java.base/java.lang.reflect.Method.invoke(Method.java:568)
at org.testng.internal.MethodInvocationHelper.invokeMethod(MethodInvocationHelper.java:133)
at org.testng.internal.TestInvoker.invokeMethod(TestInvoker.java:598)
at org.testng.internal.TestInvoker.invokeTestMethod(TestInvoker.java:173)
at org.testng.internal.MethodRunner.runInSequence(MethodRunner.java:46)
at org.testng.internal.TestInvoker$MethodInvocationAgent.invoke(TestInvoker.java:824)
at org.testng.internal.TestInvoker.invokeTestMethods(TestInvoker.java:146)
at org.testng.internal.TestMethodWorker.invokeTestMethods(TestMethodWorker.java:146)
at org.testng.internal.TestMethodWorker.run(TestMethodWorker.java:128)
at java.base/java.util.ArrayList.forEach(ArrayList.java:1511)
at org.testng.TestRunner.privateRun(TestRunner.java:794)
at org.testng.TestRunner.run(TestRunner.java:596)
at org.testng.SuiteRunner.runTest(SuiteRunner.java:377)
at org.testng.SuiteRunner.runSequentially(SuiteRunner.java:371)
at org.testng.SuiteRunner.privateRun(SuiteRunner.java:332)
at org.testng.SuiteRunner.run(SuiteRunner.java:276)
at org.testng.SuiteRunnerWorker.runSuite(SuiteRunnerWorker.java:53)
at org.testng.SuiteRunnerWorker.run(SuiteRunnerWorker.java:96)
at org.testng.TestNG.runSuitesSequentially(TestNG.java:1212)
at org.testng.TestNG.runSuitesLocally(TestNG.java:1134)
at org.testng.TestNG.runSuites(TestNG.java:1063)
at org.testng.TestNG.run(TestNG.java:1031)
at org.testng.remote.AbstractRemoteTestNG.run(AbstractRemoteTestNG.java:115)
at org.testng.remote.RemoteTestNG.initAndRun(RemoteTestNG.java:293)
at org.testng.remote.RemoteTestNG.main(RemoteTestNG.java:91)
]]>
    </error>
  </testcase> <!-- CheckThat_InViewBeneficiary_VendoriSAbleToSubmitStatus -->
  <system-out>
    <![CDATA[CheckThat_InViewBeneficiary_VendoriSAbleToSubmitStatusTestcript Is Failorg.openqa.selenium.NoSuchElementException: no such element: Unable to locate element: {"method":"css selector","selector":"#taluka"}
  (Session info: chrome=125.0.6422.142)
For documentation on this error, please visit: https://www.selenium.dev/documentation/webdriver/troubleshooting/errors#no-such-element-exception
Build info: version: '4.11.0', revision: '040bc5406b'
System info: os.name: 'Windows 11', os.arch: 'amd64', os.version: '10.0', java.version: '17.0.10'
Driver info: org.openqa.selenium.chrome.ChromeDriver
Command: [38dd1ff090aae6d02353d6f11afe8203, findElement {using=id, value=taluka}]
Capabilities {acceptInsecureCerts: false, browserName: chrome, browserVersion: 125.0.6422.142, chrome: {chromedriverVersion: 125.0.6422.141 (4b1e8393712..., userDataDir: C:\Users\INNOSY~1\AppData\L...}, fedcm:accounts: true, goog:chromeOptions: {debuggerAddress: localhost:65147}, networkConnectionEnabled: false, pageLoadStrategy: normal, platformName: windows, proxy: Proxy(), se:cdp: ws://localhost:65147/devtoo..., se:cdpVersion: 125.0.6422.142, setWindowRect: true, strictFileInteractability: false, timeouts: {implicit: 0, pageLoad: 300000, script: 30000}, unhandledPromptBehavior: dismiss and notify, webauthn:extension:credBlob: true, webauthn:extension:largeBlob: true, webauthn:extension:minPinLength: true, webauthn:extension:prf: true, webauthn:virtualAuthenticators: true}
Session ID: 38dd1ff090aae6d02353d6f11afe8203]]>
  </system-out>
  <testcase classname="POM_Base_Meda.Meda_VendorBase" name="CheckVendorIsAbleToTrackBeneficiary" time="14.961"/>
  <system-out/>
  <testcase classname="POM_Base_Meda.Meda_VendorBase" name="VerifyVendorIsAbleToDeleteSiteEnggListorData" time="3.149"/>
  <system-out/>
  <testcase classname="POM_Base_Meda.Meda_VendorBase" name="Verify_StaffModule_Functionality" time="4.736"/>
  <system-out/>
  <testcase classname="POM_Base_Meda.Meda_VendorBase" name="CheckThatUserisActiveOrNoT_IN_StaffModule" time="2.559"/>
  <system-out/>
  <testcase classname="POM_Base_Meda.Meda_VendorBase" name="VerifyUserIsAbleToAddNewStaff" time="19.414"/>
  <system-out/>
  <testcase classname="POM_Base_Meda.Meda_VendorBase" name="VerifyUserisAbletoEdit_PerticularStaffData" time="12.572"/>
  <system-out/>
  <testcase classname="POM_Base_Meda.Meda_VendorBase" name="VerifyUserIsAbleToDelete_PerticularStaffListData" time="4.155"/>
  <system-out/>
  <testcase classname="POM_Base_Meda.Meda_VendorBase" name="validate_Functionality_of_WorkOrder_Module" time="6.218"/>
  <system-out/>
  <testcase classname="POM_Base_Meda.Meda_VendorBase" name="ValidateSchemeDropdown_of_WorkOrderModule" time="4.095"/>
  <system-out/>
  <testcase classname="POM_Base_Meda.Meda_VendorBase" name="ValidateAfterSelectingDropdownOptions" time="17.425"/>
  <system-out/>
  <testcase classname="POM_Base_Meda.Meda_VendorBase" name="validatePaymentFunctionality" time="8.427"/>
  <system-out/>
  <testcase classname="POM_Base_Meda.Meda_VendorBase" name="ValidateAfterClickonPaymentProgress" time="24.581"/>
  <system-out/>
  <testcase classname="POM_Base_Meda.Meda_VendorBase" name="VendorisAbleToSeePaymentProgressReport" time="8.765"/>
  <system-out/>
  <testcase classname="POM_Base_Meda.Meda_VendorBase" name="VerifyUserIsAble_To_RaiseThePayment" time="12.578"/>
  <system-out/>
  <testcase classname="POM_Base_Meda.Meda_VendorBase" name="VerifFunctionalityofPaymentRaised" time="22.561"/>
  <system-out/>
  <testcase classname="POM_Base_Meda.Meda_VendorBase" name="CheckThatVendorIsAbleToSubmitRaiseInvoice" time="7.455"/>
  <system-out/>
  <testcase classname="POM_Base_Meda.Meda_VendorBase" name="VerifyUserIsAbleToseeBeneficiaryInVoice" time="8.997"/>
  <system-out/>
  <testcase classname="POM_Base_Meda.Meda_VendorBase" name="VerifyVendorIsABLE_TO_SearchBenefiaryInvoice" time="5.196"/>
  <system-out/>
  <testcase classname="POM_Base_Meda.Meda_VendorBase" name="VerifyVendorIsAbleToTrackTrackBeneficiaryFiles" time="6.458"/>
  <system-out/>
  <testcase classname="POM_Base_Meda.Meda_VendorBase" name="ValidateFunctionalityGrievanceModule" time="14.368"/>
  <system-out/>
  <testcase classname="POM_Base_Meda.Meda_VendorBase" name="VerifyVendorIsAbleToSeeGrievances" time="2.303"/>
  <system-out/>
  <testcase classname="POM_Base_Meda.Meda_VendorBase" name="CheckThta_Name_Status_AndGrievanceinTable" time="8.510"/>
  <system-out/>
  <testcase classname="POM_Base_Meda.Meda_VendorBase" name="ValidateAferGettingGrievanceVendorisAbleToAllocateSiteEngg" time="25.560"/>
  <system-out/>
  <testcase classname="POM_Base_Meda.Meda_VendorBase" name="VerifyAfterMouseHover_on_ProcurementManagement" time="21.966"/>
  <system-out/>
  <testcase classname="POM_Base_Meda.Meda_VendorBase" name="ValidateFunctionalityofPumpManagement" time="80.831"/>
  <system-out/>
  <testcase classname="POM_Base_Meda.Meda_VendorBase" name="UserIsAbletoSubmitPumpManagementInformation" time="16.515"/>
  <system-out/>
  <testcase classname="POM_Base_Meda.Meda_VendorBase" name="ValidateDownloadIDsLinks" time="27.620">
    <failure message="The following asserts failed:
	expected [innoproduction...!] but found [innoproduction.in],
	Dropdown Select District doesn&#039;t have any options.,
	404 error expected [HTTP ERROR 500---] but found [https://innoproduction.in/meda/meda_vendor//manage/download_pump_controller_csv/7e6d2792bb626d67885d08f77b169d6e1690458727],
	404 error" type="java.lang.AssertionError">
      <![CDATA[java.lang.AssertionError: The following asserts failed:
expected [innoproduction...!] but found [innoproduction.in],
Dropdown Select District doesn't have any options.,
404 error expected [HTTP ERROR 500---] but found [https://innoproduction.in/meda/meda_vendor//manage/download_pump_controller_csv/7e6d2792bb626d67885d08f77b169d6e1690458727],
404 error
at org.testng.asserts.SoftAssert.assertAll(SoftAssert.java:47)
at org.testng.asserts.SoftAssert.assertAll(SoftAssert.java:31)
at POM_Base_Meda.Meda_VendorBase.ValidateDownloadIDsLinks(Meda_VendorBase.java:1847)
at java.base/jdk.internal.reflect.NativeMethodAccessorImpl.invoke0(Native Method)
at java.base/jdk.internal.reflect.NativeMethodAccessorImpl.invoke(NativeMethodAccessorImpl.java:77)
at java.base/jdk.internal.reflect.DelegatingMethodAccessorImpl.invoke(DelegatingMethodAccessorImpl.java:43)
at java.base/java.lang.reflect.Method.invoke(Method.java:568)
at org.testng.internal.MethodInvocationHelper.invokeMethod(MethodInvocationHelper.java:133)
at org.testng.internal.TestInvoker.invokeMethod(TestInvoker.java:598)
at org.testng.internal.TestInvoker.invokeTestMethod(TestInvoker.java:173)
at org.testng.internal.MethodRunner.runInSequence(MethodRunner.java:46)
at org.testng.internal.TestInvoker$MethodInvocationAgent.invoke(TestInvoker.java:824)
at org.testng.internal.TestInvoker.invokeTestMethods(TestInvoker.java:146)
at org.testng.internal.TestMethodWorker.invokeTestMethods(TestMethodWorker.java:146)
at org.testng.internal.TestMethodWorker.run(TestMethodWorker.java:128)
at java.base/java.util.ArrayList.forEach(ArrayList.java:1511)
at org.testng.TestRunner.privateRun(TestRunner.java:794)
at org.testng.TestRunner.run(TestRunner.java:596)
at org.testng.SuiteRunner.runTest(SuiteRunner.java:377)
at org.testng.SuiteRunner.runSequentially(SuiteRunner.java:371)
at org.testng.SuiteRunner.privateRun(SuiteRunner.java:332)
at org.testng.SuiteRunner.run(SuiteRunner.java:276)
at org.testng.SuiteRunnerWorker.runSuite(SuiteRunnerWorker.java:53)
at org.testng.SuiteRunnerWorker.run(SuiteRunnerWorker.java:96)
at org.testng.TestNG.runSuitesSequentially(TestNG.java:1212)
at org.testng.TestNG.runSuitesLocally(TestNG.java:1134)
at org.testng.TestNG.runSuites(TestNG.java:1063)
at org.testng.TestNG.run(TestNG.java:1031)
at org.testng.remote.AbstractRemoteTestNG.run(AbstractRemoteTestNG.java:115)
at org.testng.remote.RemoteTestNG.initAndRun(RemoteTestNG.java:293)
at org.testng.remote.RemoteTestNG.main(RemoteTestNG.java:91)
]]>
    </failure>
  </testcase> <!-- ValidateDownloadIDsLinks -->
  <system-out>
    <![CDATA[ValidateDownloadIDsLinksTestcript Is Failjava.lang.AssertionError: The following asserts failed:
expected [innoproduction...!] but found [innoproduction.in],
Dropdown Select District doesn't have any options.,
404 error expected [HTTP ERROR 500---] but found [https://innoproduction.in/meda/meda_vendor//manage/download_pump_controller_csv/7e6d2792bb626d67885d08f77b169d6e1690458727],
404 error]]>
  </system-out>
  <testcase classname="POM_Base_Meda.Meda_VendorBase" name="validateFunctionalityofControllerManagement" time="8.589"/>
  <system-out/>
  <testcase classname="POM_Base_Meda.Meda_VendorBase" name="VerifyVendorisAbletoSee_ControllerManagementList_WithRaisedStatus" time="4.466"/>
  <system-out/>
  <testcase classname="POM_Base_Meda.Meda_VendorBase" name="VerifyVendorisAbleToSubmitControllerManagement" time="12.785"/>
  <system-out/>
  <testcase classname="POM_Base_Meda.Meda_VendorBase" name="VerifyVendorisabletoGneratePassword" time="13.272"/>
  <system-out/>
  <testcase classname="POM_Base_Meda.Meda_VendorBase" name="TestRMSDATA" time="9.406">
    <failure message="The following asserts failed:
	expected [innoproduction...!] but found [innoproduction.in],
	Dropdown Select District doesn&#039;t have any options.,
	404 error expected [HTTP ERROR 500---] but found [https://innoproduction.in/meda/meda_vendor//manage/download_pump_controller_csv/7e6d2792bb626d67885d08f77b169d6e1690458727],
	404 error,
	false500 error" type="java.lang.AssertionError">
      <![CDATA[java.lang.AssertionError: The following asserts failed:
expected [innoproduction...!] but found [innoproduction.in],
Dropdown Select District doesn't have any options.,
404 error expected [HTTP ERROR 500---] but found [https://innoproduction.in/meda/meda_vendor//manage/download_pump_controller_csv/7e6d2792bb626d67885d08f77b169d6e1690458727],
404 error,
false500 error
at org.testng.asserts.SoftAssert.assertAll(SoftAssert.java:47)
at org.testng.asserts.SoftAssert.assertAll(SoftAssert.java:31)
at POM_Base_Meda.Meda_VendorBase.TestRMSDATA(Meda_VendorBase.java:2008)
at java.base/jdk.internal.reflect.NativeMethodAccessorImpl.invoke0(Native Method)
at java.base/jdk.internal.reflect.NativeMethodAccessorImpl.invoke(NativeMethodAccessorImpl.java:77)
at java.base/jdk.internal.reflect.DelegatingMethodAccessorImpl.invoke(DelegatingMethodAccessorImpl.java:43)
at java.base/java.lang.reflect.Method.invoke(Method.java:568)
at org.testng.internal.MethodInvocationHelper.invokeMethod(MethodInvocationHelper.java:133)
at org.testng.internal.TestInvoker.invokeMethod(TestInvoker.java:598)
at org.testng.internal.TestInvoker.invokeTestMethod(TestInvoker.java:173)
at org.testng.internal.MethodRunner.runInSequence(MethodRunner.java:46)
at org.testng.internal.TestInvoker$MethodInvocationAgent.invoke(TestInvoker.java:824)
at org.testng.internal.TestInvoker.invokeTestMethods(TestInvoker.java:146)
at org.testng.internal.TestMethodWorker.invokeTestMethods(TestMethodWorker.java:146)
at org.testng.internal.TestMethodWorker.run(TestMethodWorker.java:128)
at java.base/java.util.ArrayList.forEach(ArrayList.java:1511)
at org.testng.TestRunner.privateRun(TestRunner.java:794)
at org.testng.TestRunner.run(TestRunner.java:596)
at org.testng.SuiteRunner.runTest(SuiteRunner.java:377)
at org.testng.SuiteRunner.runSequentially(SuiteRunner.java:371)
at org.testng.SuiteRunner.privateRun(SuiteRunner.java:332)
at org.testng.SuiteRunner.run(SuiteRunner.java:276)
at org.testng.SuiteRunnerWorker.runSuite(SuiteRunnerWorker.java:53)
at org.testng.SuiteRunnerWorker.run(SuiteRunnerWorker.java:96)
at org.testng.TestNG.runSuitesSequentially(TestNG.java:1212)
at org.testng.TestNG.runSuitesLocally(TestNG.java:1134)
at org.testng.TestNG.runSuites(TestNG.java:1063)
at org.testng.TestNG.run(TestNG.java:1031)
at org.testng.remote.AbstractRemoteTestNG.run(AbstractRemoteTestNG.java:115)
at org.testng.remote.RemoteTestNG.initAndRun(RemoteTestNG.java:293)
at org.testng.remote.RemoteTestNG.main(RemoteTestNG.java:91)
]]>
    </failure>
  </testcase> <!-- TestRMSDATA -->
  <system-out>
    <![CDATA[TestRMSDATATestcript Is Failjava.lang.AssertionError: The following asserts failed:
expected [innoproduction...!] but found [innoproduction.in],
Dropdown Select District doesn't have any options.,
404 error expected [HTTP ERROR 500---] but found [https://innoproduction.in/meda/meda_vendor//manage/download_pump_controller_csv/7e6d2792bb626d67885d08f77b169d6e1690458727],
404 error,
false500 error]]>
  </system-out>
  <testcase classname="POM_Base_Meda.Meda_VendorBase" name="validateVendorisAbleToSubmitPanelManagementInfo" time="28.967"/>
  <system-out/>
  <testcase classname="POM_Base_Meda.Meda_VendorBase" name="ClickonPanelManagementandCheckPanelMgmtListAreDisplayedorNot" time="8.824"/>
  <system-out/>
  <testcase classname="POM_Base_Meda.Meda_VendorBase" name="ValidatePanelManagementCertificateView" time="9.279">
    <failure message="The following asserts failed:
	expected [innoproduction...!] but found [innoproduction.in],
	Dropdown Select District doesn&#039;t have any options.,
	404 error expected [HTTP ERROR 500---] but found [https://innoproduction.in/meda/meda_vendor//manage/download_pump_controller_csv/7e6d2792bb626d67885d08f77b169d6e1690458727],
	404 error,
	false500 error,
	404 Page Found" type="java.lang.AssertionError">
      <![CDATA[java.lang.AssertionError: The following asserts failed:
expected [innoproduction...!] but found [innoproduction.in],
Dropdown Select District doesn't have any options.,
404 error expected [HTTP ERROR 500---] but found [https://innoproduction.in/meda/meda_vendor//manage/download_pump_controller_csv/7e6d2792bb626d67885d08f77b169d6e1690458727],
404 error,
false500 error,
404 Page Found
at org.testng.asserts.SoftAssert.assertAll(SoftAssert.java:47)
at org.testng.asserts.SoftAssert.assertAll(SoftAssert.java:31)
at POM_Base_Meda.Meda_VendorBase.ValidatePanelManagementCertificateView(Meda_VendorBase.java:2126)
at java.base/jdk.internal.reflect.NativeMethodAccessorImpl.invoke0(Native Method)
at java.base/jdk.internal.reflect.NativeMethodAccessorImpl.invoke(NativeMethodAccessorImpl.java:77)
at java.base/jdk.internal.reflect.DelegatingMethodAccessorImpl.invoke(DelegatingMethodAccessorImpl.java:43)
at java.base/java.lang.reflect.Method.invoke(Method.java:568)
at org.testng.internal.MethodInvocationHelper.invokeMethod(MethodInvocationHelper.java:133)
at org.testng.internal.TestInvoker.invokeMethod(TestInvoker.java:598)
at org.testng.internal.TestInvoker.invokeTestMethod(TestInvoker.java:173)
at org.testng.internal.MethodRunner.runInSequence(MethodRunner.java:46)
at org.testng.internal.TestInvoker$MethodInvocationAgent.invoke(TestInvoker.java:824)
at org.testng.internal.TestInvoker.invokeTestMethods(TestInvoker.java:146)
at org.testng.internal.TestMethodWorker.invokeTestMethods(TestMethodWorker.java:146)
at org.testng.internal.TestMethodWorker.run(TestMethodWorker.java:128)
at java.base/java.util.ArrayList.forEach(ArrayList.java:1511)
at org.testng.TestRunner.privateRun(TestRunner.java:794)
at org.testng.TestRunner.run(TestRunner.java:596)
at org.testng.SuiteRunner.runTest(SuiteRunner.java:377)
at org.testng.SuiteRunner.runSequentially(SuiteRunner.java:371)
at org.testng.SuiteRunner.privateRun(SuiteRunner.java:332)
at org.testng.SuiteRunner.run(SuiteRunner.java:276)
at org.testng.SuiteRunnerWorker.runSuite(SuiteRunnerWorker.java:53)
at org.testng.SuiteRunnerWorker.run(SuiteRunnerWorker.java:96)
at org.testng.TestNG.runSuitesSequentially(TestNG.java:1212)
at org.testng.TestNG.runSuitesLocally(TestNG.java:1134)
at org.testng.TestNG.runSuites(TestNG.java:1063)
at org.testng.TestNG.run(TestNG.java:1031)
at org.testng.remote.AbstractRemoteTestNG.run(AbstractRemoteTestNG.java:115)
at org.testng.remote.RemoteTestNG.initAndRun(RemoteTestNG.java:293)
at org.testng.remote.RemoteTestNG.main(RemoteTestNG.java:91)
]]>
    </failure>
  </testcase> <!-- ValidatePanelManagementCertificateView -->
  <system-out>
    <![CDATA[ValidatePanelManagementCertificateViewTestcript Is Failjava.lang.AssertionError: The following asserts failed:
expected [innoproduction...!] but found [innoproduction.in],
Dropdown Select District doesn't have any options.,
404 error expected [HTTP ERROR 500---] but found [https://innoproduction.in/meda/meda_vendor//manage/download_pump_controller_csv/7e6d2792bb626d67885d08f77b169d6e1690458727],
404 error,
false500 error,
404 Page Found]]>
  </system-out>
  <testcase classname="POM_Base_Meda.Meda_VendorBase" name="Validate_VendorisAbleTo_AddStructure" time="50.237"/>
  <system-out/>
  <testcase classname="POM_Base_Meda.Meda_VendorBase" name="ValidateVendorIsAble_ToRemoveStructure_AfterCreate" time="3.264"/>
  <system-out/>
  <testcase classname="POM_Base_Meda.Meda_VendorBase" name="ValidatePolicyManagementUI" time="6.079"/>
  <system-out/>
  <testcase classname="POM_Base_Meda.Meda_VendorBase" name="verifyVendorisAbletoSelectBeneficiary" time="17.235"/>
  <system-out/>
  <testcase classname="POM_Base_Meda.Meda_VendorBase" name="verifyVendorisAbletoSubmitBeneficiaryPolicy" time="25.870"/>
  <system-out/>
  <testcase classname="POM_Base_Meda.Meda_VendorBase" name="ValidateAfterClickonController" time="11.749"/>
  <system-out/>
  <testcase classname="POM_Base_Meda.Meda_VendorBase" name="VerifyUserisAbletoSee_ControllerDetailsofPDI" time="5.856"/>
  <system-out/>
  <testcase classname="POM_Base_Meda.Meda_VendorBase" name="VerifyImagesisDisplayedorNotINControllerDetailsPopup" time="4.447"/>
  <system-out/>
  <testcase classname="POM_Base_Meda.Meda_VendorBase" name="ValidateAfterClickonSetPump" time="12.513"/>
  <system-out/>
  <testcase classname="POM_Base_Meda.Meda_VendorBase" name="ValidatePumpSetDetails" time="6.320"/>
  <system-out/>
  <testcase classname="POM_Base_Meda.Meda_VendorBase" name="VerifyImagesisDisplayedorNot_onSetPumpPopup_Page" time="6.355"/>
  <system-out/>
  <testcase classname="POM_Base_Meda.Meda_VendorBase" name="ValidateMMSDatails" time="10.925"/>
  <system-out/>
  <testcase classname="POM_Base_Meda.Meda_VendorBase" name="VerifyImagesisDisplayedorNot_onMMSpopUp_Page" time="4.358"/>
  <system-out/>
  <testcase classname="POM_Base_Meda.Meda_VendorBase" name="ValidateModulesatails" time="9.229"/>
  <system-out/>
  <testcase classname="POM_Base_Meda.Meda_VendorBase" name="VerifyImagesisDisplayedorNot_onModulespopUp_Page" time="4.382"/>
  <system-out/>
  <testcase classname="POM_Base_Meda.Meda_VendorBase" name="VerifyUserisableTosearch_EquipModiRequestListUsingBenfAppNo" time="10.912"/>
  <system-out/>
  <testcase classname="POM_Base_Meda.Meda_VendorBase" name="VerifyAfterSearchingUserisAbletoClear" time="11.352"/>
  <system-out/>
  <testcase classname="POM_Base_Meda.Meda_VendorBase" name="VerifyUserisableTosearch_EquipModiRequestList_PassingAllBenefDetails" time="20.061"/>
  <system-out/>
  <testcase classname="POM_Base_Meda.Meda_VendorBase" name="VerifyUserisAbleToclearEquipmentListInfo" time="20.863"/>
  <system-out/>
  <testcase classname="POM_Base_Meda.Meda_VendorBase" name="ValidateWorkOrderZipFile">
    <skipped/>
  </testcase> <!-- ValidateWorkOrderZipFile -->
  <system-out/>
</testsuite> <!-- POM_Base_Meda.Meda_VendorBase -->
